<?xml version="1.0" encoding="UTF-8"?>
<testng-results ignored="0" total="1" passed="1" failed="0" skipped="0">
  <reporter-output>
  </reporter-output>
  <suite started-at="2023-05-19T04:43:45 IST" name="Default suite" finished-at="2023-05-19T04:45:35 IST" duration-ms="109897">
    <groups>
    </groups>
    <test started-at="2023-05-19T04:43:45 IST" name="Default test" finished-at="2023-05-19T04:45:35 IST" duration-ms="109897">
      <class name="testNG.Test6">
        <test-method signature="flipkart()[pri:0, instance:testNG.Test6@17c386de]" started-at="2023-05-19T04:43:45 IST" name="flipkart" finished-at="2023-05-19T04:45:35 IST" duration-ms="109812" status="PASS">
          <reporter-output>
          </reporter-output>
        </test-method> <!-- flipkart -->
      </class> <!-- testNG.Test6 -->
    </test> <!-- Default test -->
  </suite> <!-- Default suite -->
</testng-results>
